<?xml version="1.0" encoding="UTF-8"?>
<!-- Generated by org.testng.reporters.JUnitReportReporter -->
<testsuite hostname="LAPTOP-9H2JONG2" failures="0" tests="7" name="com.simplilearn.demo.FlipkartTestEdge" time="36.755" errors="0" timestamp="2022-10-12T11:36:17 IST" skipped="0">
  <testcase classname="com.simplilearn.demo.FlipkartTestEdge" name="closeLogin" time="1.253"/>
  <system-out/>
  <testcase classname="com.simplilearn.demo.FlipkartTestEdge" name="scroll" time="6.099"/>
  <system-out/>
  <testcase classname="com.simplilearn.demo.FlipkartTestEdge" name="searchProduct" time="5.345"/>
  <system-out/>
  <testcase classname="com.simplilearn.demo.FlipkartTestEdge" name="loadImage" time="14.318"/>
  <system-out/>
  <testcase classname="com.simplilearn.demo.FlipkartTestEdge" name="scrollFrequency" time="2.081"/>
  <system-out/>
  <testcase classname="com.simplilearn.demo.FlipkartTestEdge" name="downloadImages" time="0.036"/>
  <system-out/>
  <testcase classname="com.simplilearn.demo.FlipkartTestEdge" name="screenResolution" time="7.623"/>
  <system-out/>
</testsuite> <!-- com.simplilearn.demo.FlipkartTestEdge -->
