<?xml version="1.0" encoding="UTF-8"?>
<!-- Generated by org.testng.reporters.JUnitReportReporter -->
<testsuite hostname="LAPTOP-9H2JONG2" failures="0" tests="7" name="com.simplilearn.demo.FlipkartTestChrome" time="36.051" errors="0" timestamp="2022-10-12T11:36:17 IST" skipped="0">
  <testcase classname="com.simplilearn.demo.FlipkartTestChrome" name="closeLogin" time="1.373"/>
  <system-out/>
  <testcase classname="com.simplilearn.demo.FlipkartTestChrome" name="scroll" time="6.106"/>
  <system-out/>
  <testcase classname="com.simplilearn.demo.FlipkartTestChrome" name="searchProduct" time="5.434"/>
  <system-out/>
  <testcase classname="com.simplilearn.demo.FlipkartTestChrome" name="loadImage" time="13.102"/>
  <system-out/>
  <testcase classname="com.simplilearn.demo.FlipkartTestChrome" name="scrollFrequency" time="2.064"/>
  <system-out/>
  <testcase classname="com.simplilearn.demo.FlipkartTestChrome" name="downloadImages" time="0.035"/>
  <system-out/>
  <testcase classname="com.simplilearn.demo.FlipkartTestChrome" name="screenResolution" time="7.937"/>
  <system-out/>
</testsuite> <!-- com.simplilearn.demo.FlipkartTestChrome -->
